  BetaversionArduino.cpp
e:\2nd semester\121project\project detectionandtrackarduino\betaversionarduino\betaversionarduino.cpp(58): warning C4474: 'sprintf' : too many arguments passed for format string
  e:\2nd semester\121project\project detectionandtrackarduino\betaversionarduino\betaversionarduino.cpp(58): note: placeholders and their parameters expect 0 variadic arguments, but 1 were provided
e:\2nd semester\121project\project detectionandtrackarduino\betaversionarduino\betaversionarduino.cpp(59): warning C4474: 'sprintf' : too many arguments passed for format string
  e:\2nd semester\121project\project detectionandtrackarduino\betaversionarduino\betaversionarduino.cpp(59): note: placeholders and their parameters expect 0 variadic arguments, but 1 were provided
e:\2nd semester\121project\project detectionandtrackarduino\betaversionarduino\betaversionarduino.cpp(60): warning C4474: 'sprintf' : too many arguments passed for format string
  e:\2nd semester\121project\project detectionandtrackarduino\betaversionarduino\betaversionarduino.cpp(60): note: placeholders and their parameters expect 0 variadic arguments, but 1 were provided
e:\2nd semester\121project\project detectionandtrackarduino\betaversionarduino\betaversionarduino.cpp(61): warning C4474: 'sprintf' : too many arguments passed for format string
  e:\2nd semester\121project\project detectionandtrackarduino\betaversionarduino\betaversionarduino.cpp(61): note: placeholders and their parameters expect 0 variadic arguments, but 1 were provided
e:\2nd semester\121project\project detectionandtrackarduino\betaversionarduino\betaversionarduino.cpp(62): warning C4474: 'sprintf' : too many arguments passed for format string
  e:\2nd semester\121project\project detectionandtrackarduino\betaversionarduino\betaversionarduino.cpp(62): note: placeholders and their parameters expect 0 variadic arguments, but 1 were provided
e:\2nd semester\121project\project detectionandtrackarduino\betaversionarduino\betaversionarduino.cpp(63): warning C4474: 'sprintf' : too many arguments passed for format string
  e:\2nd semester\121project\project detectionandtrackarduino\betaversionarduino\betaversionarduino.cpp(63): note: placeholders and their parameters expect 0 variadic arguments, but 1 were provided
e:\2nd semester\121project\project detectionandtrackarduino\betaversionarduino\betaversionarduino.cpp(217): warning C4267: 'argument': conversion from 'size_t' to 'DWORD', possible loss of data
e:\2nd semester\121project\project detectionandtrackarduino\betaversionarduino\betaversionarduino.cpp(232): warning C4267: 'argument': conversion from 'size_t' to 'DWORD', possible loss of data
e:\2nd semester\121project\project detectionandtrackarduino\betaversionarduino\betaversionarduino.cpp(257): warning C4267: 'argument': conversion from 'size_t' to 'DWORD', possible loss of data
e:\2nd semester\121project\project detectionandtrackarduino\betaversionarduino\betaversionarduino.cpp(271): warning C4267: 'argument': conversion from 'size_t' to 'DWORD', possible loss of data
e:\2nd semester\121project\project detectionandtrackarduino\betaversionarduino\betaversionarduino.cpp(315): warning C4267: 'argument': conversion from 'size_t' to 'DWORD', possible loss of data
e:\2nd semester\121project\project detectionandtrackarduino\betaversionarduino\betaversionarduino.cpp(327): warning C4267: 'argument': conversion from 'size_t' to 'DWORD', possible loss of data
e:\2nd semester\121project\project detectionandtrackarduino\betaversionarduino\betaversionarduino.cpp(342): warning C4267: 'argument': conversion from 'size_t' to 'DWORD', possible loss of data
e:\2nd semester\121project\project detectionandtrackarduino\betaversionarduino\betaversionarduino.cpp(354): warning C4267: 'argument': conversion from 'size_t' to 'DWORD', possible loss of data
e:\2nd semester\121project\project detectionandtrackarduino\betaversionarduino\betaversionarduino.cpp(131): warning C4101: 'i': unreferenced local variable
  BetaversionArduino.vcxproj -> E:\2nd semester\121project\Project DetectionAndTrackArduino\x64\Debug\BetaversionArduino.exe
